Loading plugins phase: Elapsed time ==> 0s.157ms
<CYPRESSTAG name="CyDsfit arguments...">
cydsfit arguments: -.fdsnotice -.fdswarpdepfile=warp_dependencies.txt -.fdselabdepfile=elab_dependencies.txt -.fdsbldfile=generated_files.txt -.fdsreffile=referenced_files.txt -p C:\Users\74067\Documents\PSoC Creator\CY8CKIT-149_BLE_Keyboard\CapSense.cydsn\CapSense.cyprj -d CY8C4147AZI-S475 -s C:\Users\74067\Documents\PSoC Creator\CY8CKIT-149_BLE_Keyboard\CapSense.cydsn\Generated_Source\PSoC4 -- -yv2 -q10 -ygs -o2 -v3 -.fftcfgtype=LE
</CYPRESSTAG>
<CYPRESSTAG name="Design elaboration results...">
</CYPRESSTAG>
Elaboration phase: Elapsed time ==> 1s.614ms
<CYPRESSTAG name="HDL generation results...">
</CYPRESSTAG>
HDL generation phase: Elapsed time ==> 0s.046ms
<CYPRESSTAG name="Synthesis results...">

     | | | | | | |
   _________________
  -|               |-
  -|               |-
  -|               |-
  -|    CYPRESS    |-
  -|               |-
  -|               |-   Warp Verilog Synthesis Compiler: Version 6.3 IR 41
  -|               |-   Copyright (C) 1991-2001 Cypress Semiconductor
   |_______________|
     | | | | | | |

======================================================================
Compiling:  CapSense.v
Program  :   D:\Cypress\PSoC Creator\4.4\PSoC Creator\warp\bin\warp.exe
Options  :    -yv2 -q10 -ygs -o2 -v3 -.fftcfgtype=LE -ya -.fftprj=C:\Users\74067\Documents\PSoC Creator\CY8CKIT-149_BLE_Keyboard\CapSense.cydsn\CapSense.cyprj -dcpsoc3 CapSense.v -verilog
======================================================================

======================================================================
Compiling:  CapSense.v
Program  :   D:\Cypress\PSoC Creator\4.4\PSoC Creator\warp\bin\warp.exe
Options  :    -yv2 -q10 -ygs -o2 -v3 -.fftcfgtype=LE -ya -.fftprj=C:\Users\74067\Documents\PSoC Creator\CY8CKIT-149_BLE_Keyboard\CapSense.cydsn\CapSense.cyprj -dcpsoc3 CapSense.v -verilog
======================================================================

======================================================================
Compiling:  CapSense.v
Program  :   vlogfe
Options  :    -yv2 -q10 -ygs -o2 -v3 -.fftcfgtype=LE -ya -.fftprj=C:\Users\74067\Documents\PSoC Creator\CY8CKIT-149_BLE_Keyboard\CapSense.cydsn\CapSense.cyprj -dcpsoc3 -verilog CapSense.v
======================================================================

vlogfe V6.3 IR 41:  Verilog parser
Sat Jan 25 17:44:28 2025


======================================================================
Compiling:  CapSense.v
Program  :   vpp
Options  :    -yv2 -q10 CapSense.v
======================================================================

vpp V6.3 IR 41:  Verilog Pre-Processor
Sat Jan 25 17:44:28 2025

Flattening file 'D:\Cypress\PSoC Creator\4.4\PSoC Creator\psoc\content\CyPrimitives\cyprimitives.cylib\cy_analog_virtualmux_v1_0\cy_analog_virtualmux_v1_0.v'
Flattening file 'D:\Cypress\PSoC Creator\4.4\PSoC Creator\psoc\content\CyPrimitives\cyprimitives.cylib\ZeroTerminal\ZeroTerminal.v'
Flattening file 'D:\Cypress\PSoC Creator\4.4\PSoC Creator\psoc\content\CyPrimitives\cyprimitives.cylib\or_v1_0\or_v1_0.v'
Flattening file 'D:\Cypress\PSoC Creator\4.4\PSoC Creator\psoc\content\CyPrimitives\cyprimitives.cylib\cy_virtualmux_v1_0\cy_virtualmux_v1_0.v'

vpp:  No errors.

Library 'work' => directory 'lcpsoc3'
General_symbol_table
General_symbol_table
Linking 'D:\Cypress\PSoC Creator\4.4\PSoC Creator\warp\lib\common\std.vhd'.
Linking 'D:\Cypress\PSoC Creator\4.4\PSoC Creator\warp\lib\common\cypress.vhd'.
Linking 'D:\Cypress\PSoC Creator\4.4\PSoC Creator\warp\lib\common\work\cypress.vif'.
Linking 'D:\Cypress\PSoC Creator\4.4\PSoC Creator\warp\lib\ieee\work\stdlogic.vif'.
Linking 'D:\Cypress\PSoC Creator\4.4\PSoC Creator\warp\lib\common\stdlogic\lpmpkg.vif'.
Linking 'D:\Cypress\PSoC Creator\4.4\PSoC Creator\warp\lib\common\stdlogic\rtlpkg.vif'.
Linking 'D:\Cypress\PSoC Creator\4.4\PSoC Creator\warp\lib\common\stdlogic\mod_cnst.vif'.
Linking 'D:\Cypress\PSoC Creator\4.4\PSoC Creator\warp\lib\common\stdlogic\mod_mthv.vif'.
Linking 'D:\Cypress\PSoC Creator\4.4\PSoC Creator\warp\lib\common\stdlogic\mod_genv.vif'.
Using control file 'CapSense.ctl'.

vlogfe:  No errors.


======================================================================
Compiling:  CapSense.v
Program  :   tovif
Options  :    -yv2 -q10 -ygs -o2 -v3 -.fftcfgtype=LE -ya -.fftprj=C:\Users\74067\Documents\PSoC Creator\CY8CKIT-149_BLE_Keyboard\CapSense.cydsn\CapSense.cyprj -dcpsoc3 -verilog CapSense.v
======================================================================

tovif V6.3 IR 41:  High-level synthesis
Sat Jan 25 17:44:28 2025

Linking 'D:\Cypress\PSoC Creator\4.4\PSoC Creator\warp\lib\common\std.vhd'.
Linking 'D:\Cypress\PSoC Creator\4.4\PSoC Creator\warp\lib\common\cypress.vhd'.
Linking 'D:\Cypress\PSoC Creator\4.4\PSoC Creator\warp\lib\common\work\cypress.vif'.
Linking 'D:\Cypress\PSoC Creator\4.4\PSoC Creator\warp\lib\ieee\work\stdlogic.vif'.
Linking 'D:\Cypress\PSoC Creator\4.4\PSoC Creator\warp\lib\common\stdlogic\lpmpkg.vif'.
Linking 'D:\Cypress\PSoC Creator\4.4\PSoC Creator\warp\lib\common\stdlogic\rtlpkg.vif'.
Linking 'D:\Cypress\PSoC Creator\4.4\PSoC Creator\warp\lib\common\stdlogic\mod_cnst.vif'.
Linking 'D:\Cypress\PSoC Creator\4.4\PSoC Creator\warp\lib\common\stdlogic\mod_mthv.vif'.
Linking 'D:\Cypress\PSoC Creator\4.4\PSoC Creator\warp\lib\common\stdlogic\mod_genv.vif'.
Linking 'C:\Users\74067\Documents\PSoC Creator\CY8CKIT-149_BLE_Keyboard\CapSense.cydsn\codegentemp\CapSense.ctl'.
Linking 'D:\Cypress\PSoC Creator\4.4\PSoC Creator\psoc\content\CyPrimitives\cyprimitives.cylib\cy_analog_virtualmux_v1_0\cy_analog_virtualmux_v1_0.v'.
Linking 'C:\Users\74067\Documents\PSoC Creator\CY8CKIT-149_BLE_Keyboard\CapSense.cydsn\codegentemp\CapSense.v'.
Linking 'D:\Cypress\PSoC Creator\4.4\PSoC Creator\psoc\content\CyPrimitives\cyprimitives.cylib\ZeroTerminal\ZeroTerminal.v'.
Linking 'D:\Cypress\PSoC Creator\4.4\PSoC Creator\psoc\content\CyPrimitives\cyprimitives.cylib\or_v1_0\or_v1_0.v'.
Linking 'D:\Cypress\PSoC Creator\4.4\PSoC Creator\psoc\content\CyPrimitives\cyprimitives.cylib\cy_virtualmux_v1_0\cy_virtualmux_v1_0.v'.

tovif:  No errors.


======================================================================
Compiling:  CapSense.v
Program  :   topld
Options  :    -yv2 -q10 -ygs -o2 -v3 -.fftcfgtype=LE -ya -.fftprj=C:\Users\74067\Documents\PSoC Creator\CY8CKIT-149_BLE_Keyboard\CapSense.cydsn\CapSense.cyprj -dcpsoc3 -verilog CapSense.v
======================================================================

topld V6.3 IR 41:  Synthesis and optimization
Sat Jan 25 17:44:29 2025

Linking 'D:\Cypress\PSoC Creator\4.4\PSoC Creator\warp\lib\common\std.vhd'.
Linking 'D:\Cypress\PSoC Creator\4.4\PSoC Creator\warp\lib\common\cypress.vhd'.
Linking 'D:\Cypress\PSoC Creator\4.4\PSoC Creator\warp\lib\common\work\cypress.vif'.
Linking 'D:\Cypress\PSoC Creator\4.4\PSoC Creator\warp\lib\ieee\work\stdlogic.vif'.
Linking 'D:\Cypress\PSoC Creator\4.4\PSoC Creator\warp\lib\common\stdlogic\lpmpkg.vif'.
Linking 'D:\Cypress\PSoC Creator\4.4\PSoC Creator\warp\lib\common\stdlogic\rtlpkg.vif'.
Linking 'D:\Cypress\PSoC Creator\4.4\PSoC Creator\warp\lib\common\stdlogic\mod_cnst.vif'.
Linking 'D:\Cypress\PSoC Creator\4.4\PSoC Creator\warp\lib\common\stdlogic\mod_mthv.vif'.
Linking 'D:\Cypress\PSoC Creator\4.4\PSoC Creator\warp\lib\common\stdlogic\mod_genv.vif'.
Linking 'C:\Users\74067\Documents\PSoC Creator\CY8CKIT-149_BLE_Keyboard\CapSense.cydsn\codegentemp\CapSense.ctl'.
Linking 'D:\Cypress\PSoC Creator\4.4\PSoC Creator\psoc\content\CyPrimitives\cyprimitives.cylib\cy_analog_virtualmux_v1_0\cy_analog_virtualmux_v1_0.v'.
Linking 'C:\Users\74067\Documents\PSoC Creator\CY8CKIT-149_BLE_Keyboard\CapSense.cydsn\codegentemp\CapSense.v'.
Linking 'D:\Cypress\PSoC Creator\4.4\PSoC Creator\psoc\content\CyPrimitives\cyprimitives.cylib\ZeroTerminal\ZeroTerminal.v'.
Linking 'D:\Cypress\PSoC Creator\4.4\PSoC Creator\psoc\content\CyPrimitives\cyprimitives.cylib\or_v1_0\or_v1_0.v'.
Linking 'D:\Cypress\PSoC Creator\4.4\PSoC Creator\psoc\content\CyPrimitives\cyprimitives.cylib\cy_virtualmux_v1_0\cy_virtualmux_v1_0.v'.
Linking 'D:\Cypress\PSoC Creator\4.4\PSoC Creator\warp\lib\lcpsoc3\stdlogic\cpsoc3.vif'.

----------------------------------------------------------
Detecting unused logic.
----------------------------------------------------------
    User names
	\CapSense:Net_147\
	\CapSense:Net_146\
	\EZI2C:Net_1257\
	\EZI2C:uncfg_rx_irq\
	\EZI2C:Net_1099\
	\EZI2C:Net_1258\
	Net_54
	Net_55
	Net_56
	Net_57
	Net_58
	Net_59
	Net_60
	Net_63
	Net_64
	Net_71


Deleted 16 User equations/components.
Deleted 0 Synthesized equations/components.

------------------------------------------------------
Alias Detection
------------------------------------------------------
Aliasing one to tmpOE__LED_12_net_0
Aliasing \CapSense:Net_95\ to zero
Aliasing \CapSense:Net_94\ to zero
Aliasing \CapSense:Net_93\ to zero
Aliasing \CapSense:Net_92\ to zero
Aliasing \CapSense:tmpOE__Sns_net_5\ to tmpOE__LED_12_net_0
Aliasing \CapSense:tmpOE__Sns_net_4\ to tmpOE__LED_12_net_0
Aliasing \CapSense:tmpOE__Sns_net_3\ to tmpOE__LED_12_net_0
Aliasing \CapSense:tmpOE__Sns_net_2\ to tmpOE__LED_12_net_0
Aliasing \CapSense:tmpOE__Sns_net_1\ to tmpOE__LED_12_net_0
Aliasing \CapSense:tmpOE__Sns_net_0\ to tmpOE__LED_12_net_0
Aliasing \CapSense:tmpOE__Rx_net_2\ to tmpOE__LED_12_net_0
Aliasing \CapSense:tmpOE__Rx_net_1\ to tmpOE__LED_12_net_0
Aliasing \CapSense:tmpOE__Rx_net_0\ to tmpOE__LED_12_net_0
Aliasing \CapSense:tmpOE__CintA_net_0\ to tmpOE__LED_12_net_0
Aliasing \CapSense:tmpOE__CintB_net_0\ to tmpOE__LED_12_net_0
Aliasing \CapSense:Net_57\ to zero
Aliasing \CapSense:Net_56\ to zero
Aliasing \CapSense:Net_55\ to zero
Aliasing \CapSense:Net_54\ to zero
Aliasing \CapSense:Net_44\ to zero
Aliasing \CapSense:Net_46\ to zero
Aliasing \CapSense:Net_47\ to zero
Aliasing \CapSense:Net_48\ to zero
Aliasing \CapSense:tmpOE__Tx_net_0\ to tmpOE__LED_12_net_0
Aliasing \CapSense:tmpOE__Cmod_net_0\ to tmpOE__LED_12_net_0
Aliasing \EZI2C:select_s_wire\ to zero
Aliasing \EZI2C:rx_wire\ to zero
Aliasing \EZI2C:sclk_s_wire\ to zero
Aliasing \EZI2C:mosi_s_wire\ to zero
Aliasing \EZI2C:miso_m_wire\ to zero
Aliasing \EZI2C:tmpOE__sda_net_0\ to tmpOE__LED_12_net_0
Aliasing \EZI2C:tmpOE__scl_net_0\ to tmpOE__LED_12_net_0
Aliasing \EZI2C:cts_wire\ to zero
Aliasing tmpOE__Left_LED_net_0 to tmpOE__LED_12_net_0
Aliasing tmpOE__Right_LED_net_0 to tmpOE__LED_12_net_0
Aliasing tmpOE__LED_11_net_0 to tmpOE__LED_12_net_0
Aliasing tmpOE__LED_13_net_0 to tmpOE__LED_12_net_0
Removing Lhs of wire one[6] = tmpOE__LED_12_net_0[1]
Removing Lhs of wire \CapSense:Net_95\[33] = zero[2]
Removing Lhs of wire \CapSense:Net_94\[34] = zero[2]
Removing Lhs of wire \CapSense:Net_93\[38] = zero[2]
Removing Lhs of wire \CapSense:Net_92\[58] = zero[2]
Removing Lhs of wire \CapSense:tmpOE__Sns_net_5\[61] = tmpOE__LED_12_net_0[1]
Removing Lhs of wire \CapSense:tmpOE__Sns_net_4\[62] = tmpOE__LED_12_net_0[1]
Removing Lhs of wire \CapSense:tmpOE__Sns_net_3\[63] = tmpOE__LED_12_net_0[1]
Removing Lhs of wire \CapSense:tmpOE__Sns_net_2\[64] = tmpOE__LED_12_net_0[1]
Removing Lhs of wire \CapSense:tmpOE__Sns_net_1\[65] = tmpOE__LED_12_net_0[1]
Removing Lhs of wire \CapSense:tmpOE__Sns_net_0\[66] = tmpOE__LED_12_net_0[1]
Removing Lhs of wire \CapSense:tmpOE__Rx_net_2\[82] = tmpOE__LED_12_net_0[1]
Removing Lhs of wire \CapSense:tmpOE__Rx_net_1\[83] = tmpOE__LED_12_net_0[1]
Removing Lhs of wire \CapSense:tmpOE__Rx_net_0\[84] = tmpOE__LED_12_net_0[1]
Removing Lhs of wire \CapSense:tmpOE__CintA_net_0\[94] = tmpOE__LED_12_net_0[1]
Removing Lhs of wire \CapSense:tmpOE__CintB_net_0\[102] = tmpOE__LED_12_net_0[1]
Removing Lhs of wire \CapSense:Net_57\[108] = zero[2]
Removing Lhs of wire \CapSense:Net_56\[109] = zero[2]
Removing Lhs of wire \CapSense:Net_55\[110] = zero[2]
Removing Lhs of wire \CapSense:Net_54\[111] = zero[2]
Removing Lhs of wire \CapSense:Net_44\[114] = zero[2]
Removing Lhs of wire \CapSense:Net_46\[115] = zero[2]
Removing Lhs of wire \CapSense:Net_47\[116] = zero[2]
Removing Lhs of wire \CapSense:Net_48\[117] = zero[2]
Removing Lhs of wire \CapSense:tmpOE__Tx_net_0\[119] = tmpOE__LED_12_net_0[1]
Removing Lhs of wire \CapSense:tmpOE__Cmod_net_0\[125] = tmpOE__LED_12_net_0[1]
Removing Lhs of wire \EZI2C:select_s_wire\[137] = zero[2]
Removing Lhs of wire \EZI2C:rx_wire\[138] = zero[2]
Removing Lhs of wire \EZI2C:Net_1170\[141] = \EZI2C:Net_847\[136]
Removing Lhs of wire \EZI2C:sclk_s_wire\[142] = zero[2]
Removing Lhs of wire \EZI2C:mosi_s_wire\[143] = zero[2]
Removing Lhs of wire \EZI2C:miso_m_wire\[144] = zero[2]
Removing Lhs of wire \EZI2C:tmpOE__sda_net_0\[146] = tmpOE__LED_12_net_0[1]
Removing Lhs of wire \EZI2C:tmpOE__scl_net_0\[152] = tmpOE__LED_12_net_0[1]
Removing Lhs of wire \EZI2C:cts_wire\[161] = zero[2]
Removing Lhs of wire tmpOE__Left_LED_net_0[186] = tmpOE__LED_12_net_0[1]
Removing Lhs of wire tmpOE__Right_LED_net_0[192] = tmpOE__LED_12_net_0[1]
Removing Lhs of wire tmpOE__LED_11_net_0[198] = tmpOE__LED_12_net_0[1]
Removing Lhs of wire tmpOE__LED_13_net_0[204] = tmpOE__LED_12_net_0[1]

------------------------------------------------------
Aliased 0 equations, 39 wires.
------------------------------------------------------

----------------------------------------------------------
Circuit simplification
----------------------------------------------------------

Substituting virtuals - pass 1:


----------------------------------------------------------
Circuit simplification results:

	Expanded 0 signals.
	Turned 0 signals into soft nodes.
	Maximum default expansion cost was set at 3.
----------------------------------------------------------

topld:  No errors.

CYPRESS_DIR    : D:\Cypress\PSoC Creator\4.4\PSoC Creator\warp
Warp Program   : D:\Cypress\PSoC Creator\4.4\PSoC Creator\warp\bin\warp.exe
Warp Arguments : -yv2 -q10 -ygs -o2 -v3 -.fftcfgtype=LE -ya "-.fftprj=C:\Users\74067\Documents\PSoC Creator\CY8CKIT-149_BLE_Keyboard\CapSense.cydsn\CapSense.cyprj" -dcpsoc3 CapSense.v -verilog
</CYPRESSTAG>
Warp synthesis phase: Elapsed time ==> 0s.708ms
<CYPRESSTAG name="Fitter results...">
<CYPRESSTAG name="Fitter startup details...">
cyp3fit: V4.4.0.80, Family: PSoC3, Started at: Saturday, 25 January 2025 17:44:29
Options: -yv2 -q10 -ygs -o2 -v3 -.fftcfgtype=LE -ya -.fftprj=C:\Users\74067\Documents\PSoC Creator\CY8CKIT-149_BLE_Keyboard\CapSense.cydsn\CapSense.cyprj -d CY8C4147AZI-S475 CapSense.v -verilog
</CYPRESSTAG>
<CYPRESSTAG name="Design parsing">
Design parsing phase: Elapsed time ==> 0s.015ms
</CYPRESSTAG>
<CYPRESSTAG name="Tech Mapping">
<CYPRESSTAG name="Initial Mapping" icon="FILE_RPT_TECHM">
Info: mpr.M0053: Information from the design wide resources Pin Editor has overridden the control file entry for "\CapSense:Sns(0)\". (App=cydsfit)
Info: mpr.M0053: Information from the design wide resources Pin Editor has overridden the control file entry for "\CapSense:Sns(1)\". (App=cydsfit)
Info: mpr.M0053: Information from the design wide resources Pin Editor has overridden the control file entry for "\CapSense:Sns(2)\". (App=cydsfit)
Info: mpr.M0053: Information from the design wide resources Pin Editor has overridden the control file entry for "\CapSense:Sns(3)\". (App=cydsfit)
Info: mpr.M0053: Information from the design wide resources Pin Editor has overridden the control file entry for "\CapSense:Sns(4)\". (App=cydsfit)
Info: mpr.M0053: Information from the design wide resources Pin Editor has overridden the control file entry for "\CapSense:Sns(5)\". (App=cydsfit)
Info: mpr.M0053: Information from the design wide resources Pin Editor has overridden the control file entry for "\CapSense:Cmod(0)\". (App=cydsfit)
Info: mpr.M0053: Information from the design wide resources Pin Editor has overridden the control file entry for "\EZI2C:sda(0)\". (App=cydsfit)
Info: mpr.M0053: Information from the design wide resources Pin Editor has overridden the control file entry for "\EZI2C:scl(0)\". (App=cydsfit)
Info: mpr.M0053: Information from the design wide resources Pin Editor has overridden the control file entry for "Left_LED(0)". (App=cydsfit)
Info: mpr.M0053: Information from the design wide resources Pin Editor has overridden the control file entry for "Right_LED(0)". (App=cydsfit)
<CYPRESSTAG name="Global Clock Selection" icon="FILE_RPT_TECHM">
    Fixed Function Clock 5: Automatic-assigning  clock 'CapSense_ModClk'. Signal=\CapSense:Net_1423_ff5\
    Fixed Function Clock 0: Automatic-assigning  clock 'EZI2C_SCBCLK'. Signal=\EZI2C:Net_847_ff0\
<CYPRESSTAG name="UDB Clock/Enable Remapping Results">
</CYPRESSTAG>
</CYPRESSTAG>

Removing unused cells resulting from optimization
Done removing unused cells.
<CYPRESSTAG name="Duplicate Macrocell detection">
</CYPRESSTAG>
</CYPRESSTAG>
<CYPRESSTAG name="Duplicate Macrocell detection">
</CYPRESSTAG>
<CYPRESSTAG name="Design Equations" icon="FILE_RPT_EQUATION">

------------------------------------------------------------
Design Equations
------------------------------------------------------------
    <CYPRESSTAG name="Pin listing">

    ------------------------------------------------------------
    Pin listing
    ------------------------------------------------------------

    Pin : Name = LED_12(0)
        Attributes:
            In Group/Port: True
            In Sync Option: AUTO
            Out Sync Option: NOSYNC
            Interrupt generated: False
            Interrupt mode: NONE
            Drive mode: CMOS_OUT
            VTrip: EITHER
            Slew: FAST
            Input Sync needed: False
            Output Sync needed: False
            SC shield enabled: False
            POR State: ANY
            LCD Mode: COMMON
            Register Mode: RegComb
            CaSense Mode: NEITHER
            Treat as pin: True
            Is OE Registered: False
            Uses Analog: False
            Can contain Digital: True
            Is SIO: False
            SIO Output Buf: NONREGULATED
            SIO Input Buf: SINGLE_ENDED
            SIO HiFreq: LOW
            SIO Hyst: DISABLED
            SIO Vtrip: MULTIPLIER_0_5
            SIO Multiplier Index: 0
            SIO RefSel: VCC_IO
            Required Capabilities: DIGITAL
            Initial Value: 0
            IO Voltage: 0
        PORT MAP (
            pa_out => LED_12(0)__PA ,
            pad => LED_12(0)_PAD );
        Properties:
        {
        }

    Pin : Name = \CapSense:Sns(0)\
        Attributes:
            Alias: LinearSlider0_Sns0
            In Group/Port: True
            In Sync Option: AUTO
            Out Sync Option: AUTO
            Interrupt generated: False
            Interrupt mode: NONE
            Drive mode: HI_Z_ANALOG
            VTrip: EITHER
            Slew: FAST
            Input Sync needed: False
            Output Sync needed: False
            SC shield enabled: False
            POR State: ANY
            LCD Mode: COMMON
            Register Mode: RegComb
            CaSense Mode: NEITHER
            Treat as pin: True
            Is OE Registered: False
            Uses Analog: True
            Can contain Digital: False
            Is SIO: False
            SIO Output Buf: NONREGULATED
            SIO Input Buf: SINGLE_ENDED
            SIO HiFreq: LOW
            SIO Hyst: DISABLED
            SIO Vtrip: MULTIPLIER_0_5
            SIO Multiplier Index: 0
            SIO RefSel: VCC_IO
            Required Capabilities: ANALOG
            Initial Value: 0
            IO Voltage: 0
        PORT MAP (
            pa_out => \CapSense:Sns(0)\__PA ,
            analog_term => \CapSense:Net_2_0\ ,
            pad => \CapSense:Sns(0)_PAD\ );
        Properties:
        {
            port_location = "PORT(6,5)"
        }

    Pin : Name = \CapSense:Sns(1)\
        Attributes:
            Alias: LinearSlider0_Sns1
            In Group/Port: True
            In Sync Option: AUTO
            Out Sync Option: AUTO
            Interrupt generated: False
            Interrupt mode: NONE
            Drive mode: HI_Z_ANALOG
            VTrip: EITHER
            Slew: FAST
            Input Sync needed: False
            Output Sync needed: False
            SC shield enabled: False
            POR State: ANY
            LCD Mode: COMMON
            Register Mode: RegComb
            CaSense Mode: NEITHER
            Treat as pin: True
            Is OE Registered: False
            Uses Analog: True
            Can contain Digital: False
            Is SIO: False
            SIO Output Buf: NONREGULATED
            SIO Input Buf: SINGLE_ENDED
            SIO HiFreq: LOW
            SIO Hyst: DISABLED
            SIO Vtrip: MULTIPLIER_0_5
            SIO Multiplier Index: 0
            SIO RefSel: VCC_IO
            Required Capabilities: ANALOG
            Initial Value: 1
            IO Voltage: 0
        PORT MAP (
            pa_out => \CapSense:Sns(1)\__PA ,
            analog_term => \CapSense:Net_2_0\ ,
            pad => \CapSense:Sns(1)_PAD\ );
        Properties:
        {
            port_location = "PORT(6,4)"
        }

    Pin : Name = \CapSense:Sns(2)\
        Attributes:
            Alias: LinearSlider0_Sns2
            In Group/Port: True
            In Sync Option: AUTO
            Out Sync Option: AUTO
            Interrupt generated: False
            Interrupt mode: NONE
            Drive mode: HI_Z_ANALOG
            VTrip: EITHER
            Slew: FAST
            Input Sync needed: False
            Output Sync needed: False
            SC shield enabled: False
            POR State: ANY
            LCD Mode: COMMON
            Register Mode: RegComb
            CaSense Mode: NEITHER
            Treat as pin: True
            Is OE Registered: False
            Uses Analog: True
            Can contain Digital: False
            Is SIO: False
            SIO Output Buf: NONREGULATED
            SIO Input Buf: SINGLE_ENDED
            SIO HiFreq: LOW
            SIO Hyst: DISABLED
            SIO Vtrip: MULTIPLIER_0_5
            SIO Multiplier Index: 0
            SIO RefSel: VCC_IO
            Required Capabilities: ANALOG
            Initial Value: 1
            IO Voltage: 0
        PORT MAP (
            pa_out => \CapSense:Sns(2)\__PA ,
            analog_term => \CapSense:Net_2_0\ ,
            pad => \CapSense:Sns(2)_PAD\ );
        Properties:
        {
            port_location = "PORT(6,2)"
        }

    Pin : Name = \CapSense:Sns(3)\
        Attributes:
            Alias: LinearSlider0_Sns3
            In Group/Port: True
            In Sync Option: AUTO
            Out Sync Option: AUTO
            Interrupt generated: False
            Interrupt mode: NONE
            Drive mode: HI_Z_ANALOG
            VTrip: EITHER
            Slew: FAST
            Input Sync needed: False
            Output Sync needed: False
            SC shield enabled: False
            POR State: ANY
            LCD Mode: COMMON
            Register Mode: RegComb
            CaSense Mode: NEITHER
            Treat as pin: True
            Is OE Registered: False
            Uses Analog: True
            Can contain Digital: False
            Is SIO: False
            SIO Output Buf: NONREGULATED
            SIO Input Buf: SINGLE_ENDED
            SIO HiFreq: LOW
            SIO Hyst: DISABLED
            SIO Vtrip: MULTIPLIER_0_5
            SIO Multiplier Index: 0
            SIO RefSel: VCC_IO
            Required Capabilities: ANALOG
            Initial Value: 1
            IO Voltage: 0
        PORT MAP (
            pa_out => \CapSense:Sns(3)\__PA ,
            analog_term => \CapSense:Net_2_0\ ,
            pad => \CapSense:Sns(3)_PAD\ );
        Properties:
        {
            port_location = "PORT(6,1)"
        }

    Pin : Name = \CapSense:Sns(4)\
        Attributes:
            Alias: LinearSlider0_Sns4
            In Group/Port: True
            In Sync Option: AUTO
            Out Sync Option: AUTO
            Interrupt generated: False
            Interrupt mode: NONE
            Drive mode: HI_Z_ANALOG
            VTrip: EITHER
            Slew: FAST
            Input Sync needed: False
            Output Sync needed: False
            SC shield enabled: False
            POR State: ANY
            LCD Mode: COMMON
            Register Mode: RegComb
            CaSense Mode: NEITHER
            Treat as pin: True
            Is OE Registered: False
            Uses Analog: True
            Can contain Digital: False
            Is SIO: False
            SIO Output Buf: NONREGULATED
            SIO Input Buf: SINGLE_ENDED
            SIO HiFreq: LOW
            SIO Hyst: DISABLED
            SIO Vtrip: MULTIPLIER_0_5
            SIO Multiplier Index: 0
            SIO RefSel: VCC_IO
            Required Capabilities: ANALOG
            Initial Value: 1
            IO Voltage: 0
        PORT MAP (
            pa_out => \CapSense:Sns(4)\__PA ,
            analog_term => \CapSense:Net_2_0\ ,
            pad => \CapSense:Sns(4)_PAD\ );
        Properties:
        {
            port_location = "PORT(6,0)"
        }

    Pin : Name = \CapSense:Sns(5)\
        Attributes:
            Alias: LinearSlider0_Sns5
            In Group/Port: True
            In Sync Option: AUTO
            Out Sync Option: AUTO
            Interrupt generated: False
            Interrupt mode: NONE
            Drive mode: HI_Z_ANALOG
            VTrip: EITHER
            Slew: FAST
            Input Sync needed: False
            Output Sync needed: False
            SC shield enabled: False
            POR State: ANY
            LCD Mode: COMMON
            Register Mode: RegComb
            CaSense Mode: NEITHER
            Treat as pin: True
            Is OE Registered: False
            Uses Analog: True
            Can contain Digital: False
            Is SIO: False
            SIO Output Buf: NONREGULATED
            SIO Input Buf: SINGLE_ENDED
            SIO HiFreq: LOW
            SIO Hyst: DISABLED
            SIO Vtrip: MULTIPLIER_0_5
            SIO Multiplier Index: 0
            SIO RefSel: VCC_IO
            Required Capabilities: ANALOG
            Initial Value: 1
            IO Voltage: 0
        PORT MAP (
            pa_out => \CapSense:Sns(5)\__PA ,
            analog_term => \CapSense:Net_2_0\ ,
            pad => \CapSense:Sns(5)_PAD\ );
        Properties:
        {
            port_location = "PORT(2,7)"
        }

    Pin : Name = \CapSense:Rx(0)\
        Attributes:
            Alias: BTN0_Rx0
            In Group/Port: True
            In Sync Option: AUTO
            Out Sync Option: AUTO
            Interrupt generated: False
            Interrupt mode: NONE
            Drive mode: HI_Z_ANALOG
            VTrip: EITHER
            Slew: FAST
            Input Sync needed: False
            Output Sync needed: False
            SC shield enabled: False
            POR State: ANY
            LCD Mode: COMMON
            Register Mode: RegComb
            CaSense Mode: NEITHER
            Treat as pin: True
            Is OE Registered: False
            Uses Analog: True
            Can contain Digital: False
            Is SIO: False
            SIO Output Buf: NONREGULATED
            SIO Input Buf: SINGLE_ENDED
            SIO HiFreq: LOW
            SIO Hyst: DISABLED
            SIO Vtrip: MULTIPLIER_0_5
            SIO Multiplier Index: 0
            SIO RefSel: VCC_IO
            Required Capabilities: ANALOG
            Initial Value: 0
            IO Voltage: 0
        PORT MAP (
            pa_out => \CapSense:Rx(0)\__PA ,
            analog_term => \CapSense:Net_13_0\ ,
            pad => \CapSense:Rx(0)_PAD\ );
        Properties:
        {
        }

    Pin : Name = \CapSense:Rx(1)\
        Attributes:
            Alias: BTN1_Rx0
            In Group/Port: True
            In Sync Option: AUTO
            Out Sync Option: AUTO
            Interrupt generated: False
            Interrupt mode: NONE
            Drive mode: HI_Z_ANALOG
            VTrip: EITHER
            Slew: FAST
            Input Sync needed: False
            Output Sync needed: False
            SC shield enabled: False
            POR State: ANY
            LCD Mode: COMMON
            Register Mode: RegComb
            CaSense Mode: NEITHER
            Treat as pin: True
            Is OE Registered: False
            Uses Analog: True
            Can contain Digital: False
            Is SIO: False
            SIO Output Buf: NONREGULATED
            SIO Input Buf: SINGLE_ENDED
            SIO HiFreq: LOW
            SIO Hyst: DISABLED
            SIO Vtrip: MULTIPLIER_0_5
            SIO Multiplier Index: 0
            SIO RefSel: VCC_IO
            Required Capabilities: ANALOG
            Initial Value: 1
            IO Voltage: 0
        PORT MAP (
            pa_out => \CapSense:Rx(1)\__PA ,
            analog_term => \CapSense:Net_13_0\ ,
            pad => \CapSense:Rx(1)_PAD\ );
        Properties:
        {
        }

    Pin : Name = \CapSense:Rx(2)\
        Attributes:
            Alias: BTN2_Rx0
            In Group/Port: True
            In Sync Option: AUTO
            Out Sync Option: AUTO
            Interrupt generated: False
            Interrupt mode: NONE
            Drive mode: HI_Z_ANALOG
            VTrip: EITHER
            Slew: FAST
            Input Sync needed: False
            Output Sync needed: False
            SC shield enabled: False
            POR State: ANY
            LCD Mode: COMMON
            Register Mode: RegComb
            CaSense Mode: NEITHER
            Treat as pin: True
            Is OE Registered: False
            Uses Analog: True
            Can contain Digital: False
            Is SIO: False
            SIO Output Buf: NONREGULATED
            SIO Input Buf: SINGLE_ENDED
            SIO HiFreq: LOW
            SIO Hyst: DISABLED
            SIO Vtrip: MULTIPLIER_0_5
            SIO Multiplier Index: 0
            SIO RefSel: VCC_IO
            Required Capabilities: ANALOG
            Initial Value: 1
            IO Voltage: 0
        PORT MAP (
            pa_out => \CapSense:Rx(2)\__PA ,
            analog_term => \CapSense:Net_13_0\ ,
            pad => \CapSense:Rx(2)_PAD\ );
        Properties:
        {
        }

    Pin : Name = \CapSense:CintA(0)\
        Attributes:
            In Group/Port: True
            In Sync Option: AUTO
            Out Sync Option: AUTO
            Interrupt generated: False
            Interrupt mode: NONE
            Drive mode: HI_Z_ANALOG
            VTrip: EITHER
            Slew: FAST
            Input Sync needed: False
            Output Sync needed: False
            SC shield enabled: False
            POR State: ANY
            LCD Mode: COMMON
            Register Mode: RegComb
            CaSense Mode: NEITHER
            Treat as pin: True
            Is OE Registered: False
            Uses Analog: True
            Can contain Digital: False
            Is SIO: False
            SIO Output Buf: NONREGULATED
            SIO Input Buf: SINGLE_ENDED
            SIO HiFreq: LOW
            SIO Hyst: DISABLED
            SIO Vtrip: MULTIPLIER_0_5
            SIO Multiplier Index: 0
            SIO RefSel: VCC_IO
            Required Capabilities: NONE
            Initial Value: 0
            IO Voltage: 0
        PORT MAP (
            pa_out => \CapSense:CintA(0)\__PA ,
            analog_term => \CapSense:Net_86\ ,
            pad => \CapSense:CintA(0)_PAD\ );
        Properties:
        {
        }

    Pin : Name = \CapSense:CintB(0)\
        Attributes:
            In Group/Port: True
            In Sync Option: AUTO
            Out Sync Option: AUTO
            Interrupt generated: False
            Interrupt mode: NONE
            Drive mode: HI_Z_ANALOG
            VTrip: EITHER
            Slew: FAST
            Input Sync needed: False
            Output Sync needed: False
            SC shield enabled: False
            POR State: ANY
            LCD Mode: COMMON
            Register Mode: RegComb
            CaSense Mode: NEITHER
            Treat as pin: True
            Is OE Registered: False
            Uses Analog: True
            Can contain Digital: False
            Is SIO: False
            SIO Output Buf: NONREGULATED
            SIO Input Buf: SINGLE_ENDED
            SIO HiFreq: LOW
            SIO Hyst: DISABLED
            SIO Vtrip: MULTIPLIER_0_5
            SIO Multiplier Index: 0
            SIO RefSel: VCC_IO
            Required Capabilities: NONE
            Initial Value: 0
            IO Voltage: 0
        PORT MAP (
            pa_out => \CapSense:CintB(0)\__PA ,
            analog_term => \CapSense:Net_84\ ,
            pad => \CapSense:CintB(0)_PAD\ );
        Properties:
        {
        }

    Pin : Name = \CapSense:Tx(0)\
        Attributes:
            Alias: BTN0_Tx
            In Group/Port: True
            In Sync Option: AUTO
            Out Sync Option: AUTO
            Interrupt generated: False
            Interrupt mode: NONE
            Drive mode: HI_Z_ANALOG
            VTrip: EITHER
            Slew: FAST
            Input Sync needed: False
            Output Sync needed: False
            SC shield enabled: False
            POR State: ANY
            LCD Mode: COMMON
            Register Mode: RegComb
            CaSense Mode: NEITHER
            Treat as pin: True
            Is OE Registered: False
            Uses Analog: True
            Can contain Digital: False
            Is SIO: False
            SIO Output Buf: NONREGULATED
            SIO Input Buf: SINGLE_ENDED
            SIO HiFreq: LOW
            SIO Hyst: DISABLED
            SIO Vtrip: MULTIPLIER_0_5
            SIO Multiplier Index: 0
            SIO RefSel: VCC_IO
            Required Capabilities: ANALOG
            Initial Value: 0
            IO Voltage: 0
        PORT MAP (
            pa_out => \CapSense:Tx(0)\__PA ,
            analog_term => \CapSense:Net_121\ ,
            pad => \CapSense:Tx(0)_PAD\ );
        Properties:
        {
        }

    Pin : Name = \CapSense:Cmod(0)\
        Attributes:
            Alias: Cmod
            In Group/Port: True
            In Sync Option: AUTO
            Out Sync Option: AUTO
            Interrupt generated: False
            Interrupt mode: NONE
            Drive mode: HI_Z_ANALOG
            VTrip: EITHER
            Slew: FAST
            Input Sync needed: False
            Output Sync needed: False
            SC shield enabled: False
            POR State: ANY
            LCD Mode: COMMON
            Register Mode: RegComb
            CaSense Mode: NEITHER
            Treat as pin: True
            Is OE Registered: False
            Uses Analog: True
            Can contain Digital: False
            Is SIO: False
            SIO Output Buf: NONREGULATED
            SIO Input Buf: SINGLE_ENDED
            SIO HiFreq: LOW
            SIO Hyst: DISABLED
            SIO Vtrip: MULTIPLIER_0_5
            SIO Multiplier Index: 0
            SIO RefSel: VCC_IO
            Required Capabilities: ANALOG
            Initial Value: 0
            IO Voltage: 0
        PORT MAP (
            pa_out => \CapSense:Cmod(0)\__PA ,
            analog_term => \CapSense:Net_15\ ,
            pad => \CapSense:Cmod(0)_PAD\ );
        Properties:
        {
            port_location = "PORT(4,1)"
        }

    Pin : Name = \EZI2C:sda(0)\
        Attributes:
            In Group/Port: True
            In Sync Option: NOSYNC
            Out Sync Option: NOSYNC
            Interrupt generated: False
            Interrupt mode: NONE
            Drive mode: OPEN_DRAIN_LO
            VTrip: CMOS
            Slew: FAST
            Input Sync needed: False
            Output Sync needed: False
            SC shield enabled: False
            POR State: ANY
            LCD Mode: COMMON
            Register Mode: RegComb
            CaSense Mode: NEITHER
            Treat as pin: True
            Is OE Registered: False
            Uses Analog: False
            Can contain Digital: True
            Is SIO: False
            SIO Output Buf: NONREGULATED
            SIO Input Buf: SINGLE_ENDED
            SIO HiFreq: LOW
            SIO Hyst: DISABLED
            SIO Vtrip: MULTIPLIER_0_5
            SIO Multiplier Index: 0
            SIO RefSel: VCC_IO
            Required Capabilities: DIGITAL
            Initial Value: 1
            IO Voltage: 0
        PORT MAP (
            pa_out => \EZI2C:sda(0)\__PA ,
            fb => Net_69 ,
            pad => \EZI2C:sda(0)_PAD\ );
        Properties:
        {
            port_location = "PORT(3,1)"
        }

    Pin : Name = \EZI2C:scl(0)\
        Attributes:
            In Group/Port: True
            In Sync Option: NOSYNC
            Out Sync Option: NOSYNC
            Interrupt generated: False
            Interrupt mode: NONE
            Drive mode: OPEN_DRAIN_LO
            VTrip: CMOS
            Slew: FAST
            Input Sync needed: False
            Output Sync needed: False
            SC shield enabled: False
            POR State: ANY
            LCD Mode: COMMON
            Register Mode: RegComb
            CaSense Mode: NEITHER
            Treat as pin: True
            Is OE Registered: False
            Uses Analog: False
            Can contain Digital: True
            Is SIO: False
            SIO Output Buf: NONREGULATED
            SIO Input Buf: SINGLE_ENDED
            SIO HiFreq: LOW
            SIO Hyst: DISABLED
            SIO Vtrip: MULTIPLIER_0_5
            SIO Multiplier Index: 0
            SIO RefSel: VCC_IO
            Required Capabilities: DIGITAL
            Initial Value: 1
            IO Voltage: 0
        PORT MAP (
            pa_out => \EZI2C:scl(0)\__PA ,
            fb => Net_68 ,
            pad => \EZI2C:scl(0)_PAD\ );
        Properties:
        {
            port_location = "PORT(3,0)"
        }

    Pin : Name = Left_LED(0)
        Attributes:
            In Group/Port: True
            In Sync Option: AUTO
            Out Sync Option: NOSYNC
            Interrupt generated: False
            Interrupt mode: NONE
            Drive mode: CMOS_OUT
            VTrip: EITHER
            Slew: FAST
            Input Sync needed: False
            Output Sync needed: False
            SC shield enabled: False
            POR State: ANY
            LCD Mode: COMMON
            Register Mode: RegComb
            CaSense Mode: NEITHER
            Treat as pin: True
            Is OE Registered: False
            Uses Analog: False
            Can contain Digital: True
            Is SIO: False
            SIO Output Buf: NONREGULATED
            SIO Input Buf: SINGLE_ENDED
            SIO HiFreq: LOW
            SIO Hyst: DISABLED
            SIO Vtrip: MULTIPLIER_0_5
            SIO Multiplier Index: 0
            SIO RefSel: VCC_IO
            Required Capabilities: DIGITAL
            Initial Value: 0
            IO Voltage: 0
        PORT MAP (
            pa_out => Left_LED(0)__PA ,
            pad => Left_LED(0)_PAD );
        Properties:
        {
            port_location = "PORT(2,2)"
        }

    Pin : Name = Right_LED(0)
        Attributes:
            In Group/Port: True
            In Sync Option: AUTO
            Out Sync Option: NOSYNC
            Interrupt generated: False
            Interrupt mode: NONE
            Drive mode: CMOS_OUT
            VTrip: EITHER
            Slew: FAST
            Input Sync needed: False
            Output Sync needed: False
            SC shield enabled: False
            POR State: ANY
            LCD Mode: COMMON
            Register Mode: RegComb
            CaSense Mode: NEITHER
            Treat as pin: True
            Is OE Registered: False
            Uses Analog: False
            Can contain Digital: True
            Is SIO: False
            SIO Output Buf: NONREGULATED
            SIO Input Buf: SINGLE_ENDED
            SIO HiFreq: LOW
            SIO Hyst: DISABLED
            SIO Vtrip: MULTIPLIER_0_5
            SIO Multiplier Index: 0
            SIO RefSel: VCC_IO
            Required Capabilities: DIGITAL
            Initial Value: 0
            IO Voltage: 0
        PORT MAP (
            pa_out => Right_LED(0)__PA ,
            pad => Right_LED(0)_PAD );
        Properties:
        {
            port_location = "PORT(1,0)"
        }

    Pin : Name = LED_11(0)
        Attributes:
            In Group/Port: True
            In Sync Option: AUTO
            Out Sync Option: NOSYNC
            Interrupt generated: False
            Interrupt mode: NONE
            Drive mode: CMOS_OUT
            VTrip: EITHER
            Slew: FAST
            Input Sync needed: False
            Output Sync needed: False
            SC shield enabled: False
            POR State: ANY
            LCD Mode: COMMON
            Register Mode: RegComb
            CaSense Mode: NEITHER
            Treat as pin: True
            Is OE Registered: False
            Uses Analog: False
            Can contain Digital: True
            Is SIO: False
            SIO Output Buf: NONREGULATED
            SIO Input Buf: SINGLE_ENDED
            SIO HiFreq: LOW
            SIO Hyst: DISABLED
            SIO Vtrip: MULTIPLIER_0_5
            SIO Multiplier Index: 0
            SIO RefSel: VCC_IO
            Required Capabilities: DIGITAL
            Initial Value: 0
            IO Voltage: 0
        PORT MAP (
            pa_out => LED_11(0)__PA ,
            pad => LED_11(0)_PAD );
        Properties:
        {
        }

    Pin : Name = LED_13(0)
        Attributes:
            In Group/Port: True
            In Sync Option: AUTO
            Out Sync Option: NOSYNC
            Interrupt generated: False
            Interrupt mode: NONE
            Drive mode: CMOS_OUT
            VTrip: EITHER
            Slew: FAST
            Input Sync needed: False
            Output Sync needed: False
            SC shield enabled: False
            POR State: ANY
            LCD Mode: COMMON
            Register Mode: RegComb
            CaSense Mode: NEITHER
            Treat as pin: True
            Is OE Registered: False
            Uses Analog: False
            Can contain Digital: True
            Is SIO: False
            SIO Output Buf: NONREGULATED
            SIO Input Buf: SINGLE_ENDED
            SIO HiFreq: LOW
            SIO Hyst: DISABLED
            SIO Vtrip: MULTIPLIER_0_5
            SIO Multiplier Index: 0
            SIO RefSel: VCC_IO
            Required Capabilities: DIGITAL
            Initial Value: 0
            IO Voltage: 0
        PORT MAP (
            pa_out => LED_13(0)__PA ,
            pad => LED_13(0)_PAD );
        Properties:
        {
        }
    </CYPRESSTAG>
    <CYPRESSTAG name="Macrocell listing" icon="FILE_RPT_EQUATION">
    </CYPRESSTAG>
    <CYPRESSTAG name="Datapath listing">
    </CYPRESSTAG>
    <CYPRESSTAG name="Status register listing">
    </CYPRESSTAG>
    <CYPRESSTAG name="StatusI register listing">
    </CYPRESSTAG>
    <CYPRESSTAG name="Sync listing">
    </CYPRESSTAG>
    <CYPRESSTAG name="Control register listing">
    </CYPRESSTAG>
    <CYPRESSTAG name="Count7 listing">
    </CYPRESSTAG>
    <CYPRESSTAG name="DRQ listing">
    </CYPRESSTAG>
    <CYPRESSTAG name="Interrupt listing">

    ------------------------------------------------------------
    Interrupt listing
    ------------------------------------------------------------

    interrupt: Name =\CapSense:ISR\
        PORT MAP (
            interrupt => \CapSense:Net_120\ );
        Properties:
        {
            int_type = "10"
            is_nmi = 0
        }

    interrupt: Name =\EZI2C:SCB_IRQ\
        PORT MAP (
            interrupt => Net_52 );
        Properties:
        {
            int_type = "10"
            is_nmi = 0
        }
    </CYPRESSTAG>
</CYPRESSTAG>
<CYPRESSTAG name="Technology mapping summary" expanded>

------------------------------------------------------------
Technology mapping summary
------------------------------------------------------------

Resource Type                 : Used : Free :  Max :  % Used
============================================================
Interrupts                    :    2 :   26 :   28 :  7.14 %
IO                            :   22 :   32 :   54 : 40.74 %
Segment LCD                   :    0 :    1 :    1 :  0.00 %
CapSense                      :    1 :    0 :    1 : 100.00 %
Die Temp                      :    0 :    1 :    1 :  0.00 %
CAN 2.0b                      :    0 :    1 :    1 :  0.00 %
Serial Communication (SCB)    :    1 :    4 :    5 : 20.00 %
DMA Channels                  :    0 :    8 :    8 :  0.00 %
Timer/Counter/PWM             :    0 :    8 :    8 :  0.00 %
Crypto                        :    0 :    1 :    1 :  0.00 %
Smart IO Ports                :    0 :    3 :    3 :  0.00 %
Comparator/Opamp              :    0 :    2 :    2 :  0.00 %
Comparator                    :    1 :    0 :    1 : 100.00 %
LP Comparator                 :    0 :    2 :    2 :  0.00 %
SAR ADC                       :    0 :    1 :    1 :  0.00 %
DAC                           :      :      :      :        
  7-bit IDAC                  :    2 :    0 :    2 : 100.00 %
</CYPRESSTAG>
Technology Mapping: Elapsed time ==> 0s.046ms
Tech Mapping phase: Elapsed time ==> 0s.062ms
</CYPRESSTAG>
<CYPRESSTAG name="Analog Placement">
<CYPRESSTAG name="FFB & IO Pre Placement">
<CYPRESSTAG name="Placement" icon="FILE_RPT_PLACEMENT">

Cell                                : Block                              
=========================================================================
LED_12(0)                           : [IOP=(5)][IoId=(5)]                
\CapSense:Sns(0)\                   : [IOP=(6)][IoId=(5)]                
\CapSense:Sns(1)\                   : [IOP=(6)][IoId=(4)]                
\CapSense:Sns(2)\                   : [IOP=(6)][IoId=(2)]                
\CapSense:Sns(3)\                   : [IOP=(6)][IoId=(1)]                
\CapSense:Sns(4)\                   : [IOP=(6)][IoId=(0)]                
\CapSense:Sns(5)\                   : [IOP=(2)][IoId=(7)]                
\CapSense:Rx(0)\                    : [IOP=(4)][IoId=(6)]                
\CapSense:Rx(1)\                    : [IOP=(4)][IoId=(5)]                
\CapSense:Rx(2)\                    : [IOP=(4)][IoId=(4)]                
\CapSense:CintA(0)\                 : [IOP=(4)][IoId=(2)]                
\CapSense:CintB(0)\                 : [IOP=(4)][IoId=(3)]                
\CapSense:Tx(0)\                    : [IOP=(0)][IoId=(2)]                
\CapSense:Cmod(0)\                  : [IOP=(4)][IoId=(1)]                
\EZI2C:sda(0)\                      : [IOP=(3)][IoId=(1)]                
\EZI2C:scl(0)\                      : [IOP=(3)][IoId=(0)]                
Left_LED(0)                         : [IOP=(2)][IoId=(2)]                
Right_LED(0)                        : [IOP=(1)][IoId=(0)]                
LED_11(0)                           : [IOP=(5)][IoId=(2)]                
LED_13(0)                           : [IOP=(5)][IoId=(7)]                
ClockGenBlock                       : CLK_GEN_[FFB(CLK_GEN,0)]           
\CapSense:CSD\                      : CSD_[FFB(CSD,0)]                   
\EZI2C:SCB\                         : SCB_[FFB(SCB,1)]                   
\CapSense:IDACMod\                  : CSIDAC7_[FFB(CSIDAC7,0)]           
\CapSense:IDACComp\                 : CSIDAC7_[FFB(CSIDAC7,1)]           

</CYPRESSTAG>
</CYPRESSTAG>
<CYPRESSTAG name="Real Analog Placement">
Elapsed time ==> 0.1881486s
</CYPRESSTAG>
Analog Placement phase: Elapsed time ==> 0s.468ms
</CYPRESSTAG>
<CYPRESSTAG name="Analog Routing">
<CYPRESSTAG name="Analog Routing">
Route success=True, Iterations=1 Elapsed=0.0038421 secs
</CYPRESSTAG>
Analog Routing phase: Elapsed time ==> 0s.000ms
</CYPRESSTAG>
<CYPRESSTAG name="Analog Code Generation">
============ Analog Final Answer Routes ============
Dump of CyAnalogRoutingResultsDB
Map of net to items {
  Net: \CapSense:Net_150\ {
  }
  Net: \CapSense:Net_15\ {
    csd0_shield_pad
    swh_2
    p4_1
  }
  Net: \CapSense:Net_2_0\ {
    CSD0_sense_internal
    swh_7
    sense0
    BYA
    amuxbusa_csd
    P6_P45
    p6_5
    P6_P41
    p6_1
    P6_P40
    p6_0
    P6_P42
    p6_2
    P6_P44
    p6_4
    AMUXSPLIT1_SWITCH_AA_SR
    amuxbridge_a_pass_csd
    AMUXSPLIT1_SWITCH_AA_SL
    amuxbusa_pass
    P2_P47
    p2_7
    P0_P42
    p0_2
    P4_P44
    p4_4
    P4_P45
    p4_5
    P4_P46
    p4_6
    idac1_out
    IAIB
    idac0_out
    swhv_3
  }
  Net: \CapSense:Net_84\ {
    Net_44985
    swh_4
    p4_3
    P4_P53
  }
  Net: \CapSense:Net_86\ {
    Net_45055
    swh_3
    p4_2
    P4_P42
  }
}
Map of item to net {
  csd0_shield_pad                                  -> \CapSense:Net_15\
  swh_2                                            -> \CapSense:Net_15\
  p4_1                                             -> \CapSense:Net_15\
  CSD0_sense_internal                              -> \CapSense:Net_2_0\
  swh_7                                            -> \CapSense:Net_2_0\
  sense0                                           -> \CapSense:Net_2_0\
  BYA                                              -> \CapSense:Net_2_0\
  amuxbusa_csd                                     -> \CapSense:Net_2_0\
  P6_P45                                           -> \CapSense:Net_2_0\
  p6_5                                             -> \CapSense:Net_2_0\
  P6_P41                                           -> \CapSense:Net_2_0\
  p6_1                                             -> \CapSense:Net_2_0\
  P6_P40                                           -> \CapSense:Net_2_0\
  p6_0                                             -> \CapSense:Net_2_0\
  P6_P42                                           -> \CapSense:Net_2_0\
  p6_2                                             -> \CapSense:Net_2_0\
  P6_P44                                           -> \CapSense:Net_2_0\
  p6_4                                             -> \CapSense:Net_2_0\
  AMUXSPLIT1_SWITCH_AA_SR                          -> \CapSense:Net_2_0\
  amuxbridge_a_pass_csd                            -> \CapSense:Net_2_0\
  AMUXSPLIT1_SWITCH_AA_SL                          -> \CapSense:Net_2_0\
  amuxbusa_pass                                    -> \CapSense:Net_2_0\
  P2_P47                                           -> \CapSense:Net_2_0\
  p2_7                                             -> \CapSense:Net_2_0\
  P0_P42                                           -> \CapSense:Net_2_0\
  p0_2                                             -> \CapSense:Net_2_0\
  P4_P44                                           -> \CapSense:Net_2_0\
  p4_4                                             -> \CapSense:Net_2_0\
  P4_P45                                           -> \CapSense:Net_2_0\
  p4_5                                             -> \CapSense:Net_2_0\
  P4_P46                                           -> \CapSense:Net_2_0\
  p4_6                                             -> \CapSense:Net_2_0\
  idac1_out                                        -> \CapSense:Net_2_0\
  IAIB                                             -> \CapSense:Net_2_0\
  idac0_out                                        -> \CapSense:Net_2_0\
  swhv_3                                           -> \CapSense:Net_2_0\
  Net_44985                                        -> \CapSense:Net_84\
  swh_4                                            -> \CapSense:Net_84\
  p4_3                                             -> \CapSense:Net_84\
  P4_P53                                           -> \CapSense:Net_84\
  Net_45055                                        -> \CapSense:Net_86\
  swh_3                                            -> \CapSense:Net_86\
  p4_2                                             -> \CapSense:Net_86\
  P4_P42                                           -> \CapSense:Net_86\
}
Mux Info {
}
Analog Code Generation phase: Elapsed time ==> 0s.015ms
</CYPRESSTAG>
<CYPRESSTAG name="Digital Placement">
<CYPRESSTAG name="Detailed placement messages">
I2076: Total run-time: 0.1 sec.

</CYPRESSTAG>
<CYPRESSTAG name="PLD Packing">
<CYPRESSTAG name="PLD Packing Summary">
No PLDs were packed.
</CYPRESSTAG>
PLD Packing: Elapsed time ==> 0s.000ms
</CYPRESSTAG>
<CYPRESSTAG name="Partitioning">
<CYPRESSTAG name="Initial Partitioning Summary">
Initial Partitioning Summary not displayed at this verbose level.</CYPRESSTAG>
<CYPRESSTAG name="Final Partitioning Summary">
Final Partitioning Summary not displayed at this verbose level.</CYPRESSTAG>
Partitioning: Elapsed time ==> 0s.000ms
</CYPRESSTAG>
<CYPRESSTAG name="Final Placement Summary">

------------------------------------------------------------
Final Placement Summary
------------------------------------------------------------

       Resource Type :      Count : Avg Inputs : Avg Outputs
    ========================================================
                 UDB :          0 :       0.00 :       0.00
<CYPRESSTAG name="Final Placement Details">
<CYPRESSTAG name="Component Details">

------------------------------------------------------------
Component Placement Details
------------------------------------------------------------
Intr container @ [IntrContainer=(0)]: 
  Intr@ [IntrContainer=(0)][IntrId=(8)] 
    interrupt: Name =\EZI2C:SCB_IRQ\
        PORT MAP (
            interrupt => Net_52 );
        Properties:
        {
            int_type = "10"
            is_nmi = 0
        }
  Intr@ [IntrContainer=(0)][IntrId=(16)] 
    interrupt: Name =\CapSense:ISR\
        PORT MAP (
            interrupt => \CapSense:Net_120\ );
        Properties:
        {
            int_type = "10"
            is_nmi = 0
        }
Drq container @ [DrqContainer=(0)]: empty
Port 0 contains the following IO cells:
[IoId=2]: 
Pin : Name = \CapSense:Tx(0)\
    Attributes:
        Alias: BTN0_Tx
        In Group/Port: True
        In Sync Option: AUTO
        Out Sync Option: AUTO
        Interrupt generated: False
        Interrupt mode: NONE
        Drive mode: HI_Z_ANALOG
        VTrip: EITHER
        Slew: FAST
        Input Sync needed: False
        Output Sync needed: False
        SC shield enabled: False
        POR State: ANY
        LCD Mode: COMMON
        Register Mode: RegComb
        CaSense Mode: NEITHER
        Treat as pin: True
        Is OE Registered: False
        Uses Analog: True
        Can contain Digital: False
        Is SIO: False
        SIO Output Buf: NONREGULATED
        SIO Input Buf: SINGLE_ENDED
        SIO HiFreq: LOW
        SIO Hyst: DISABLED
        SIO Vtrip: MULTIPLIER_0_5
        SIO Multiplier Index: 0
        SIO RefSel: VCC_IO
        Required Capabilities: ANALOG
        Initial Value: 0
        IO Voltage: 0
    PORT MAP (
        pa_out => \CapSense:Tx(0)\__PA ,
        analog_term => \CapSense:Net_2_0\ ,
        pad => \CapSense:Tx(0)_PAD\ );
    Properties:
    {
    }

Port 1 contains the following IO cells:
[IoId=0]: 
Pin : Name = Right_LED(0)
    Attributes:
        In Group/Port: True
        In Sync Option: AUTO
        Out Sync Option: NOSYNC
        Interrupt generated: False
        Interrupt mode: NONE
        Drive mode: CMOS_OUT
        VTrip: EITHER
        Slew: FAST
        Input Sync needed: False
        Output Sync needed: False
        SC shield enabled: False
        POR State: ANY
        LCD Mode: COMMON
        Register Mode: RegComb
        CaSense Mode: NEITHER
        Treat as pin: True
        Is OE Registered: False
        Uses Analog: False
        Can contain Digital: True
        Is SIO: False
        SIO Output Buf: NONREGULATED
        SIO Input Buf: SINGLE_ENDED
        SIO HiFreq: LOW
        SIO Hyst: DISABLED
        SIO Vtrip: MULTIPLIER_0_5
        SIO Multiplier Index: 0
        SIO RefSel: VCC_IO
        Required Capabilities: DIGITAL
        Initial Value: 0
        IO Voltage: 0
    PORT MAP (
        pa_out => Right_LED(0)__PA ,
        pad => Right_LED(0)_PAD );
    Properties:
    {
        port_location = "PORT(1,0)"
    }

Port 2 contains the following IO cells:
[IoId=2]: 
Pin : Name = Left_LED(0)
    Attributes:
        In Group/Port: True
        In Sync Option: AUTO
        Out Sync Option: NOSYNC
        Interrupt generated: False
        Interrupt mode: NONE
        Drive mode: CMOS_OUT
        VTrip: EITHER
        Slew: FAST
        Input Sync needed: False
        Output Sync needed: False
        SC shield enabled: False
        POR State: ANY
        LCD Mode: COMMON
        Register Mode: RegComb
        CaSense Mode: NEITHER
        Treat as pin: True
        Is OE Registered: False
        Uses Analog: False
        Can contain Digital: True
        Is SIO: False
        SIO Output Buf: NONREGULATED
        SIO Input Buf: SINGLE_ENDED
        SIO HiFreq: LOW
        SIO Hyst: DISABLED
        SIO Vtrip: MULTIPLIER_0_5
        SIO Multiplier Index: 0
        SIO RefSel: VCC_IO
        Required Capabilities: DIGITAL
        Initial Value: 0
        IO Voltage: 0
    PORT MAP (
        pa_out => Left_LED(0)__PA ,
        pad => Left_LED(0)_PAD );
    Properties:
    {
        port_location = "PORT(2,2)"
    }

[IoId=7]: 
Pin : Name = \CapSense:Sns(5)\
    Attributes:
        Alias: LinearSlider0_Sns5
        In Group/Port: True
        In Sync Option: AUTO
        Out Sync Option: AUTO
        Interrupt generated: False
        Interrupt mode: NONE
        Drive mode: HI_Z_ANALOG
        VTrip: EITHER
        Slew: FAST
        Input Sync needed: False
        Output Sync needed: False
        SC shield enabled: False
        POR State: ANY
        LCD Mode: COMMON
        Register Mode: RegComb
        CaSense Mode: NEITHER
        Treat as pin: True
        Is OE Registered: False
        Uses Analog: True
        Can contain Digital: False
        Is SIO: False
        SIO Output Buf: NONREGULATED
        SIO Input Buf: SINGLE_ENDED
        SIO HiFreq: LOW
        SIO Hyst: DISABLED
        SIO Vtrip: MULTIPLIER_0_5
        SIO Multiplier Index: 0
        SIO RefSel: VCC_IO
        Required Capabilities: ANALOG
        Initial Value: 1
        IO Voltage: 0
    PORT MAP (
        pa_out => \CapSense:Sns(5)\__PA ,
        analog_term => \CapSense:Net_2_0\ ,
        pad => \CapSense:Sns(5)_PAD\ );
    Properties:
    {
        port_location = "PORT(2,7)"
    }

Port 3 contains the following IO cells:
[IoId=0]: 
Pin : Name = \EZI2C:scl(0)\
    Attributes:
        In Group/Port: True
        In Sync Option: NOSYNC
        Out Sync Option: NOSYNC
        Interrupt generated: False
        Interrupt mode: NONE
        Drive mode: OPEN_DRAIN_LO
        VTrip: CMOS
        Slew: FAST
        Input Sync needed: False
        Output Sync needed: False
        SC shield enabled: False
        POR State: ANY
        LCD Mode: COMMON
        Register Mode: RegComb
        CaSense Mode: NEITHER
        Treat as pin: True
        Is OE Registered: False
        Uses Analog: False
        Can contain Digital: True
        Is SIO: False
        SIO Output Buf: NONREGULATED
        SIO Input Buf: SINGLE_ENDED
        SIO HiFreq: LOW
        SIO Hyst: DISABLED
        SIO Vtrip: MULTIPLIER_0_5
        SIO Multiplier Index: 0
        SIO RefSel: VCC_IO
        Required Capabilities: DIGITAL
        Initial Value: 1
        IO Voltage: 0
    PORT MAP (
        pa_out => \EZI2C:scl(0)\__PA ,
        fb => Net_68 ,
        pad => \EZI2C:scl(0)_PAD\ );
    Properties:
    {
        port_location = "PORT(3,0)"
    }

[IoId=1]: 
Pin : Name = \EZI2C:sda(0)\
    Attributes:
        In Group/Port: True
        In Sync Option: NOSYNC
        Out Sync Option: NOSYNC
        Interrupt generated: False
        Interrupt mode: NONE
        Drive mode: OPEN_DRAIN_LO
        VTrip: CMOS
        Slew: FAST
        Input Sync needed: False
        Output Sync needed: False
        SC shield enabled: False
        POR State: ANY
        LCD Mode: COMMON
        Register Mode: RegComb
        CaSense Mode: NEITHER
        Treat as pin: True
        Is OE Registered: False
        Uses Analog: False
        Can contain Digital: True
        Is SIO: False
        SIO Output Buf: NONREGULATED
        SIO Input Buf: SINGLE_ENDED
        SIO HiFreq: LOW
        SIO Hyst: DISABLED
        SIO Vtrip: MULTIPLIER_0_5
        SIO Multiplier Index: 0
        SIO RefSel: VCC_IO
        Required Capabilities: DIGITAL
        Initial Value: 1
        IO Voltage: 0
    PORT MAP (
        pa_out => \EZI2C:sda(0)\__PA ,
        fb => Net_69 ,
        pad => \EZI2C:sda(0)_PAD\ );
    Properties:
    {
        port_location = "PORT(3,1)"
    }

Port 4 contains the following IO cells:
[IoId=1]: 
Pin : Name = \CapSense:Cmod(0)\
    Attributes:
        Alias: Cmod
        In Group/Port: True
        In Sync Option: AUTO
        Out Sync Option: AUTO
        Interrupt generated: False
        Interrupt mode: NONE
        Drive mode: HI_Z_ANALOG
        VTrip: EITHER
        Slew: FAST
        Input Sync needed: False
        Output Sync needed: False
        SC shield enabled: False
        POR State: ANY
        LCD Mode: COMMON
        Register Mode: RegComb
        CaSense Mode: NEITHER
        Treat as pin: True
        Is OE Registered: False
        Uses Analog: True
        Can contain Digital: False
        Is SIO: False
        SIO Output Buf: NONREGULATED
        SIO Input Buf: SINGLE_ENDED
        SIO HiFreq: LOW
        SIO Hyst: DISABLED
        SIO Vtrip: MULTIPLIER_0_5
        SIO Multiplier Index: 0
        SIO RefSel: VCC_IO
        Required Capabilities: ANALOG
        Initial Value: 0
        IO Voltage: 0
    PORT MAP (
        pa_out => \CapSense:Cmod(0)\__PA ,
        analog_term => \CapSense:Net_15\ ,
        pad => \CapSense:Cmod(0)_PAD\ );
    Properties:
    {
        port_location = "PORT(4,1)"
    }

[IoId=2]: 
Pin : Name = \CapSense:CintA(0)\
    Attributes:
        In Group/Port: True
        In Sync Option: AUTO
        Out Sync Option: AUTO
        Interrupt generated: False
        Interrupt mode: NONE
        Drive mode: HI_Z_ANALOG
        VTrip: EITHER
        Slew: FAST
        Input Sync needed: False
        Output Sync needed: False
        SC shield enabled: False
        POR State: ANY
        LCD Mode: COMMON
        Register Mode: RegComb
        CaSense Mode: NEITHER
        Treat as pin: True
        Is OE Registered: False
        Uses Analog: True
        Can contain Digital: False
        Is SIO: False
        SIO Output Buf: NONREGULATED
        SIO Input Buf: SINGLE_ENDED
        SIO HiFreq: LOW
        SIO Hyst: DISABLED
        SIO Vtrip: MULTIPLIER_0_5
        SIO Multiplier Index: 0
        SIO RefSel: VCC_IO
        Required Capabilities: NONE
        Initial Value: 0
        IO Voltage: 0
    PORT MAP (
        pa_out => \CapSense:CintA(0)\__PA ,
        analog_term => \CapSense:Net_86\ ,
        pad => \CapSense:CintA(0)_PAD\ );
    Properties:
    {
    }

[IoId=3]: 
Pin : Name = \CapSense:CintB(0)\
    Attributes:
        In Group/Port: True
        In Sync Option: AUTO
        Out Sync Option: AUTO
        Interrupt generated: False
        Interrupt mode: NONE
        Drive mode: HI_Z_ANALOG
        VTrip: EITHER
        Slew: FAST
        Input Sync needed: False
        Output Sync needed: False
        SC shield enabled: False
        POR State: ANY
        LCD Mode: COMMON
        Register Mode: RegComb
        CaSense Mode: NEITHER
        Treat as pin: True
        Is OE Registered: False
        Uses Analog: True
        Can contain Digital: False
        Is SIO: False
        SIO Output Buf: NONREGULATED
        SIO Input Buf: SINGLE_ENDED
        SIO HiFreq: LOW
        SIO Hyst: DISABLED
        SIO Vtrip: MULTIPLIER_0_5
        SIO Multiplier Index: 0
        SIO RefSel: VCC_IO
        Required Capabilities: NONE
        Initial Value: 0
        IO Voltage: 0
    PORT MAP (
        pa_out => \CapSense:CintB(0)\__PA ,
        analog_term => \CapSense:Net_84\ ,
        pad => \CapSense:CintB(0)_PAD\ );
    Properties:
    {
    }

[IoId=4]: 
Pin : Name = \CapSense:Rx(2)\
    Attributes:
        Alias: BTN2_Rx0
        In Group/Port: True
        In Sync Option: AUTO
        Out Sync Option: AUTO
        Interrupt generated: False
        Interrupt mode: NONE
        Drive mode: HI_Z_ANALOG
        VTrip: EITHER
        Slew: FAST
        Input Sync needed: False
        Output Sync needed: False
        SC shield enabled: False
        POR State: ANY
        LCD Mode: COMMON
        Register Mode: RegComb
        CaSense Mode: NEITHER
        Treat as pin: True
        Is OE Registered: False
        Uses Analog: True
        Can contain Digital: False
        Is SIO: False
        SIO Output Buf: NONREGULATED
        SIO Input Buf: SINGLE_ENDED
        SIO HiFreq: LOW
        SIO Hyst: DISABLED
        SIO Vtrip: MULTIPLIER_0_5
        SIO Multiplier Index: 0
        SIO RefSel: VCC_IO
        Required Capabilities: ANALOG
        Initial Value: 1
        IO Voltage: 0
    PORT MAP (
        pa_out => \CapSense:Rx(2)\__PA ,
        analog_term => \CapSense:Net_2_0\ ,
        pad => \CapSense:Rx(2)_PAD\ );
    Properties:
    {
    }

[IoId=5]: 
Pin : Name = \CapSense:Rx(1)\
    Attributes:
        Alias: BTN1_Rx0
        In Group/Port: True
        In Sync Option: AUTO
        Out Sync Option: AUTO
        Interrupt generated: False
        Interrupt mode: NONE
        Drive mode: HI_Z_ANALOG
        VTrip: EITHER
        Slew: FAST
        Input Sync needed: False
        Output Sync needed: False
        SC shield enabled: False
        POR State: ANY
        LCD Mode: COMMON
        Register Mode: RegComb
        CaSense Mode: NEITHER
        Treat as pin: True
        Is OE Registered: False
        Uses Analog: True
        Can contain Digital: False
        Is SIO: False
        SIO Output Buf: NONREGULATED
        SIO Input Buf: SINGLE_ENDED
        SIO HiFreq: LOW
        SIO Hyst: DISABLED
        SIO Vtrip: MULTIPLIER_0_5
        SIO Multiplier Index: 0
        SIO RefSel: VCC_IO
        Required Capabilities: ANALOG
        Initial Value: 1
        IO Voltage: 0
    PORT MAP (
        pa_out => \CapSense:Rx(1)\__PA ,
        analog_term => \CapSense:Net_2_0\ ,
        pad => \CapSense:Rx(1)_PAD\ );
    Properties:
    {
    }

[IoId=6]: 
Pin : Name = \CapSense:Rx(0)\
    Attributes:
        Alias: BTN0_Rx0
        In Group/Port: True
        In Sync Option: AUTO
        Out Sync Option: AUTO
        Interrupt generated: False
        Interrupt mode: NONE
        Drive mode: HI_Z_ANALOG
        VTrip: EITHER
        Slew: FAST
        Input Sync needed: False
        Output Sync needed: False
        SC shield enabled: False
        POR State: ANY
        LCD Mode: COMMON
        Register Mode: RegComb
        CaSense Mode: NEITHER
        Treat as pin: True
        Is OE Registered: False
        Uses Analog: True
        Can contain Digital: False
        Is SIO: False
        SIO Output Buf: NONREGULATED
        SIO Input Buf: SINGLE_ENDED
        SIO HiFreq: LOW
        SIO Hyst: DISABLED
        SIO Vtrip: MULTIPLIER_0_5
        SIO Multiplier Index: 0
        SIO RefSel: VCC_IO
        Required Capabilities: ANALOG
        Initial Value: 0
        IO Voltage: 0
    PORT MAP (
        pa_out => \CapSense:Rx(0)\__PA ,
        analog_term => \CapSense:Net_2_0\ ,
        pad => \CapSense:Rx(0)_PAD\ );
    Properties:
    {
    }

Port 5 contains the following IO cells:
[IoId=2]: 
Pin : Name = LED_11(0)
    Attributes:
        In Group/Port: True
        In Sync Option: AUTO
        Out Sync Option: NOSYNC
        Interrupt generated: False
        Interrupt mode: NONE
        Drive mode: CMOS_OUT
        VTrip: EITHER
        Slew: FAST
        Input Sync needed: False
        Output Sync needed: False
        SC shield enabled: False
        POR State: ANY
        LCD Mode: COMMON
        Register Mode: RegComb
        CaSense Mode: NEITHER
        Treat as pin: True
        Is OE Registered: False
        Uses Analog: False
        Can contain Digital: True
        Is SIO: False
        SIO Output Buf: NONREGULATED
        SIO Input Buf: SINGLE_ENDED
        SIO HiFreq: LOW
        SIO Hyst: DISABLED
        SIO Vtrip: MULTIPLIER_0_5
        SIO Multiplier Index: 0
        SIO RefSel: VCC_IO
        Required Capabilities: DIGITAL
        Initial Value: 0
        IO Voltage: 0
    PORT MAP (
        pa_out => LED_11(0)__PA ,
        pad => LED_11(0)_PAD );
    Properties:
    {
    }

[IoId=5]: 
Pin : Name = LED_12(0)
    Attributes:
        In Group/Port: True
        In Sync Option: AUTO
        Out Sync Option: NOSYNC
        Interrupt generated: False
        Interrupt mode: NONE
        Drive mode: CMOS_OUT
        VTrip: EITHER
        Slew: FAST
        Input Sync needed: False
        Output Sync needed: False
        SC shield enabled: False
        POR State: ANY
        LCD Mode: COMMON
        Register Mode: RegComb
        CaSense Mode: NEITHER
        Treat as pin: True
        Is OE Registered: False
        Uses Analog: False
        Can contain Digital: True
        Is SIO: False
        SIO Output Buf: NONREGULATED
        SIO Input Buf: SINGLE_ENDED
        SIO HiFreq: LOW
        SIO Hyst: DISABLED
        SIO Vtrip: MULTIPLIER_0_5
        SIO Multiplier Index: 0
        SIO RefSel: VCC_IO
        Required Capabilities: DIGITAL
        Initial Value: 0
        IO Voltage: 0
    PORT MAP (
        pa_out => LED_12(0)__PA ,
        pad => LED_12(0)_PAD );
    Properties:
    {
    }

[IoId=7]: 
Pin : Name = LED_13(0)
    Attributes:
        In Group/Port: True
        In Sync Option: AUTO
        Out Sync Option: NOSYNC
        Interrupt generated: False
        Interrupt mode: NONE
        Drive mode: CMOS_OUT
        VTrip: EITHER
        Slew: FAST
        Input Sync needed: False
        Output Sync needed: False
        SC shield enabled: False
        POR State: ANY
        LCD Mode: COMMON
        Register Mode: RegComb
        CaSense Mode: NEITHER
        Treat as pin: True
        Is OE Registered: False
        Uses Analog: False
        Can contain Digital: True
        Is SIO: False
        SIO Output Buf: NONREGULATED
        SIO Input Buf: SINGLE_ENDED
        SIO HiFreq: LOW
        SIO Hyst: DISABLED
        SIO Vtrip: MULTIPLIER_0_5
        SIO Multiplier Index: 0
        SIO RefSel: VCC_IO
        Required Capabilities: DIGITAL
        Initial Value: 0
        IO Voltage: 0
    PORT MAP (
        pa_out => LED_13(0)__PA ,
        pad => LED_13(0)_PAD );
    Properties:
    {
    }

Port 6 contains the following IO cells:
[IoId=0]: 
Pin : Name = \CapSense:Sns(4)\
    Attributes:
        Alias: LinearSlider0_Sns4
        In Group/Port: True
        In Sync Option: AUTO
        Out Sync Option: AUTO
        Interrupt generated: False
        Interrupt mode: NONE
        Drive mode: HI_Z_ANALOG
        VTrip: EITHER
        Slew: FAST
        Input Sync needed: False
        Output Sync needed: False
        SC shield enabled: False
        POR State: ANY
        LCD Mode: COMMON
        Register Mode: RegComb
        CaSense Mode: NEITHER
        Treat as pin: True
        Is OE Registered: False
        Uses Analog: True
        Can contain Digital: False
        Is SIO: False
        SIO Output Buf: NONREGULATED
        SIO Input Buf: SINGLE_ENDED
        SIO HiFreq: LOW
        SIO Hyst: DISABLED
        SIO Vtrip: MULTIPLIER_0_5
        SIO Multiplier Index: 0
        SIO RefSel: VCC_IO
        Required Capabilities: ANALOG
        Initial Value: 1
        IO Voltage: 0
    PORT MAP (
        pa_out => \CapSense:Sns(4)\__PA ,
        analog_term => \CapSense:Net_2_0\ ,
        pad => \CapSense:Sns(4)_PAD\ );
    Properties:
    {
        port_location = "PORT(6,0)"
    }

[IoId=1]: 
Pin : Name = \CapSense:Sns(3)\
    Attributes:
        Alias: LinearSlider0_Sns3
        In Group/Port: True
        In Sync Option: AUTO
        Out Sync Option: AUTO
        Interrupt generated: False
        Interrupt mode: NONE
        Drive mode: HI_Z_ANALOG
        VTrip: EITHER
        Slew: FAST
        Input Sync needed: False
        Output Sync needed: False
        SC shield enabled: False
        POR State: ANY
        LCD Mode: COMMON
        Register Mode: RegComb
        CaSense Mode: NEITHER
        Treat as pin: True
        Is OE Registered: False
        Uses Analog: True
        Can contain Digital: False
        Is SIO: False
        SIO Output Buf: NONREGULATED
        SIO Input Buf: SINGLE_ENDED
        SIO HiFreq: LOW
        SIO Hyst: DISABLED
        SIO Vtrip: MULTIPLIER_0_5
        SIO Multiplier Index: 0
        SIO RefSel: VCC_IO
        Required Capabilities: ANALOG
        Initial Value: 1
        IO Voltage: 0
    PORT MAP (
        pa_out => \CapSense:Sns(3)\__PA ,
        analog_term => \CapSense:Net_2_0\ ,
        pad => \CapSense:Sns(3)_PAD\ );
    Properties:
    {
        port_location = "PORT(6,1)"
    }

[IoId=2]: 
Pin : Name = \CapSense:Sns(2)\
    Attributes:
        Alias: LinearSlider0_Sns2
        In Group/Port: True
        In Sync Option: AUTO
        Out Sync Option: AUTO
        Interrupt generated: False
        Interrupt mode: NONE
        Drive mode: HI_Z_ANALOG
        VTrip: EITHER
        Slew: FAST
        Input Sync needed: False
        Output Sync needed: False
        SC shield enabled: False
        POR State: ANY
        LCD Mode: COMMON
        Register Mode: RegComb
        CaSense Mode: NEITHER
        Treat as pin: True
        Is OE Registered: False
        Uses Analog: True
        Can contain Digital: False
        Is SIO: False
        SIO Output Buf: NONREGULATED
        SIO Input Buf: SINGLE_ENDED
        SIO HiFreq: LOW
        SIO Hyst: DISABLED
        SIO Vtrip: MULTIPLIER_0_5
        SIO Multiplier Index: 0
        SIO RefSel: VCC_IO
        Required Capabilities: ANALOG
        Initial Value: 1
        IO Voltage: 0
    PORT MAP (
        pa_out => \CapSense:Sns(2)\__PA ,
        analog_term => \CapSense:Net_2_0\ ,
        pad => \CapSense:Sns(2)_PAD\ );
    Properties:
    {
        port_location = "PORT(6,2)"
    }

[IoId=4]: 
Pin : Name = \CapSense:Sns(1)\
    Attributes:
        Alias: LinearSlider0_Sns1
        In Group/Port: True
        In Sync Option: AUTO
        Out Sync Option: AUTO
        Interrupt generated: False
        Interrupt mode: NONE
        Drive mode: HI_Z_ANALOG
        VTrip: EITHER
        Slew: FAST
        Input Sync needed: False
        Output Sync needed: False
        SC shield enabled: False
        POR State: ANY
        LCD Mode: COMMON
        Register Mode: RegComb
        CaSense Mode: NEITHER
        Treat as pin: True
        Is OE Registered: False
        Uses Analog: True
        Can contain Digital: False
        Is SIO: False
        SIO Output Buf: NONREGULATED
        SIO Input Buf: SINGLE_ENDED
        SIO HiFreq: LOW
        SIO Hyst: DISABLED
        SIO Vtrip: MULTIPLIER_0_5
        SIO Multiplier Index: 0
        SIO RefSel: VCC_IO
        Required Capabilities: ANALOG
        Initial Value: 1
        IO Voltage: 0
    PORT MAP (
        pa_out => \CapSense:Sns(1)\__PA ,
        analog_term => \CapSense:Net_2_0\ ,
        pad => \CapSense:Sns(1)_PAD\ );
    Properties:
    {
        port_location = "PORT(6,4)"
    }

[IoId=5]: 
Pin : Name = \CapSense:Sns(0)\
    Attributes:
        Alias: LinearSlider0_Sns0
        In Group/Port: True
        In Sync Option: AUTO
        Out Sync Option: AUTO
        Interrupt generated: False
        Interrupt mode: NONE
        Drive mode: HI_Z_ANALOG
        VTrip: EITHER
        Slew: FAST
        Input Sync needed: False
        Output Sync needed: False
        SC shield enabled: False
        POR State: ANY
        LCD Mode: COMMON
        Register Mode: RegComb
        CaSense Mode: NEITHER
        Treat as pin: True
        Is OE Registered: False
        Uses Analog: True
        Can contain Digital: False
        Is SIO: False
        SIO Output Buf: NONREGULATED
        SIO Input Buf: SINGLE_ENDED
        SIO HiFreq: LOW
        SIO Hyst: DISABLED
        SIO Vtrip: MULTIPLIER_0_5
        SIO Multiplier Index: 0
        SIO RefSel: VCC_IO
        Required Capabilities: ANALOG
        Initial Value: 0
        IO Voltage: 0
    PORT MAP (
        pa_out => \CapSense:Sns(0)\__PA ,
        analog_term => \CapSense:Net_2_0\ ,
        pad => \CapSense:Sns(0)_PAD\ );
    Properties:
    {
        port_location = "PORT(6,5)"
    }

Port 7 contains the following IO cells:
CAN group 0: empty
Clock group 0: 
    Clock Block @ F(Clock,0): 
    m0s8clockblockcell: Name =ClockBlock
        PORT MAP (
            hfclk => ClockBlock_HFClk ,
            imo => ClockBlock_IMO ,
            ext => ClockBlock_ExtClk ,
            sysclk => ClockBlock_SysClk ,
            eco => ClockBlock_ECO ,
            pll => ClockBlock_PLL0 ,
            ilo => ClockBlock_ILO ,
            lfclk => ClockBlock_LFClk ,
            wco => ClockBlock_WCO ,
            ff_div_5 => \CapSense:Net_1423_ff5\ ,
            ff_div_0 => \EZI2C:Net_847_ff0\ );
        Properties:
        {
        }
LCD group 0: empty
PICU group 0: empty
Vref group 0: empty
LPCOMP group 0: empty
SCB group 0: 
    SCB Block @ F(SCB,1): 
    m0s8scbcell: Name =\EZI2C:SCB\
        PORT MAP (
            clock => \EZI2C:Net_847_ff0\ ,
            interrupt => Net_52 ,
            uart_tx => \EZI2C:tx_wire\ ,
            uart_rts => \EZI2C:rts_wire\ ,
            mosi_m => \EZI2C:mosi_m_wire\ ,
            select_m_3 => \EZI2C:select_m_wire_3\ ,
            select_m_2 => \EZI2C:select_m_wire_2\ ,
            select_m_1 => \EZI2C:select_m_wire_1\ ,
            select_m_0 => \EZI2C:select_m_wire_0\ ,
            sclk_m => \EZI2C:sclk_m_wire\ ,
            miso_s => \EZI2C:miso_s_wire\ ,
            i2c_scl => Net_68 ,
            i2c_sda => Net_69 ,
            tr_tx_req => Net_70 ,
            tr_rx_req => Net_61 );
        Properties:
        {
            cy_registers = ""
            scb_mode = 0
        }
CSD group 0: 
    CapSense @ F(CSD,0): 
    p4csdcell: Name =\CapSense:CSD\
        PORT MAP (
            source => \CapSense:Net_2_0\ ,
            shield => \CapSense:Net_122\ ,
            csh => \CapSense:Net_84\ ,
            cmod => \CapSense:Net_86\ ,
            shield_pad => \CapSense:Net_15\ ,
            vref_ext => \CapSense:Net_150\ ,
            sense_out => \CapSense:Net_317\ ,
            sample_out => \CapSense:Net_316\ ,
            dsi_csh_tank => \CapSense:Net_323\ ,
            dsi_cmod => \CapSense:Net_322\ ,
            dsi_hscmp => \CapSense:Net_321\ ,
            dsi_sampling => \CapSense:Net_318\ ,
            dsi_adc_on => \CapSense:Net_319\ ,
            tr_adc_done => \CapSense:Net_354\ ,
            dsi_count_15 => \CapSense:Net_320_15\ ,
            dsi_count_14 => \CapSense:Net_320_14\ ,
            dsi_count_13 => \CapSense:Net_320_13\ ,
            dsi_count_12 => \CapSense:Net_320_12\ ,
            dsi_count_11 => \CapSense:Net_320_11\ ,
            dsi_count_10 => \CapSense:Net_320_10\ ,
            dsi_count_9 => \CapSense:Net_320_9\ ,
            dsi_count_8 => \CapSense:Net_320_8\ ,
            dsi_count_7 => \CapSense:Net_320_7\ ,
            dsi_count_6 => \CapSense:Net_320_6\ ,
            dsi_count_5 => \CapSense:Net_320_5\ ,
            dsi_count_4 => \CapSense:Net_320_4\ ,
            dsi_count_3 => \CapSense:Net_320_3\ ,
            dsi_count_2 => \CapSense:Net_320_2\ ,
            dsi_count_1 => \CapSense:Net_320_1\ ,
            dsi_count_0 => \CapSense:Net_320_0\ ,
            clk => \CapSense:Net_1423_ff5\ ,
            irq => \CapSense:Net_120\ );
        Properties:
        {
            adc_channel_count = 1
            cy_registers = ""
            dedicated_io_count = 2
            ganged_csx = 1
            is_capsense = 1
            is_cmod_charge = 0
            is_csh_charge = 0
            is_mutual = 0
            rx_count = 3
            sense_as_shield = 0
            sensors_count = 6
            shield_as_sense = 0
            shield_count = 1
            tx_count = 1
        }
CSIDAC7 group 0: 
    7-bit IDAC @ F(CSIDAC7,0): 
    p4csidacV2cell: Name =\CapSense:IDACMod\
        PORT MAP (
            iout => \CapSense:Net_2_0\ );
        Properties:
        {
            cy_registers = ""
            leg3_needed = 0
        }
    7-bit IDAC @ F(CSIDAC7,1): 
    p4csidacV2cell: Name =\CapSense:IDACComp\
        PORT MAP (
            iout => \CapSense:Net_2_0\ );
        Properties:
        {
            cy_registers = ""
            leg3_needed = 1
        }
TCPWM group 0: empty
OA group 0: empty
TEMP group 0: empty
SARADC group 0: empty
CLK_GEN group 0: 
    M0S8 Clock Gen Block @ F(CLK_GEN,0): 
    m0s8clockgenblockcell: Name =ClockGenBlock
        PORT MAP (
             );
        Properties:
        {
        }
LPCOMPBLOCK group 0: empty
PASSBLOCK group 0: empty
WCO group 0: empty
SmartIO group 0: empty
CRYPTO group 0: empty
SRSS group 0: empty
CPUSS group 0: empty
IOSS group 0: empty
EXCO group 0: empty
</CYPRESSTAG>
<CYPRESSTAG name="Port Configuration Details">

------------------------------------------------------------
Port Configuration report
------------------------------------------------------------
     |     |       | Interrupt |                  |                     | 
Port | Pin | Fixed |      Type |       Drive Mode |                Name | Connections
-----+-----+-------+-----------+------------------+---------------------+---------------------------
   0 |   2 |     * |      NONE |      HI_Z_ANALOG |    \CapSense:Tx(0)\ | Analog(\CapSense:Net_2_0\)
-----+-----+-------+-----------+------------------+---------------------+---------------------------
   1 |   0 |     * |      NONE |         CMOS_OUT |        Right_LED(0) | 
-----+-----+-------+-----------+------------------+---------------------+---------------------------
   2 |   2 |     * |      NONE |         CMOS_OUT |         Left_LED(0) | 
     |   7 |     * |      NONE |      HI_Z_ANALOG |   \CapSense:Sns(5)\ | Analog(\CapSense:Net_2_0\)
-----+-----+-------+-----------+------------------+---------------------+---------------------------
   3 |   0 |     * |      NONE |    OPEN_DRAIN_LO |      \EZI2C:scl(0)\ | FB(Net_68)
     |   1 |     * |      NONE |    OPEN_DRAIN_LO |      \EZI2C:sda(0)\ | FB(Net_69)
-----+-----+-------+-----------+------------------+---------------------+---------------------------
   4 |   1 |     * |      NONE |      HI_Z_ANALOG |  \CapSense:Cmod(0)\ | Analog(\CapSense:Net_15\)
     |   2 |     * |      NONE |      HI_Z_ANALOG | \CapSense:CintA(0)\ | Analog(\CapSense:Net_86\)
     |   3 |     * |      NONE |      HI_Z_ANALOG | \CapSense:CintB(0)\ | Analog(\CapSense:Net_84\)
     |   4 |     * |      NONE |      HI_Z_ANALOG |    \CapSense:Rx(2)\ | Analog(\CapSense:Net_2_0\)
     |   5 |     * |      NONE |      HI_Z_ANALOG |    \CapSense:Rx(1)\ | Analog(\CapSense:Net_2_0\)
     |   6 |     * |      NONE |      HI_Z_ANALOG |    \CapSense:Rx(0)\ | Analog(\CapSense:Net_2_0\)
-----+-----+-------+-----------+------------------+---------------------+---------------------------
   5 |   2 |     * |      NONE |         CMOS_OUT |           LED_11(0) | 
     |   5 |     * |      NONE |         CMOS_OUT |           LED_12(0) | 
     |   7 |     * |      NONE |         CMOS_OUT |           LED_13(0) | 
-----+-----+-------+-----------+------------------+---------------------+---------------------------
   6 |   0 |     * |      NONE |      HI_Z_ANALOG |   \CapSense:Sns(4)\ | Analog(\CapSense:Net_2_0\)
     |   1 |     * |      NONE |      HI_Z_ANALOG |   \CapSense:Sns(3)\ | Analog(\CapSense:Net_2_0\)
     |   2 |     * |      NONE |      HI_Z_ANALOG |   \CapSense:Sns(2)\ | Analog(\CapSense:Net_2_0\)
     |   4 |     * |      NONE |      HI_Z_ANALOG |   \CapSense:Sns(1)\ | Analog(\CapSense:Net_2_0\)
     |   5 |     * |      NONE |      HI_Z_ANALOG |   \CapSense:Sns(0)\ | Analog(\CapSense:Net_2_0\)
----------------------------------------------------------------------------------------------------
</CYPRESSTAG>
</CYPRESSTAG>
</CYPRESSTAG>
Digital component placer commit/Report: Elapsed time ==> 0s.048ms
Digital Placement phase: Elapsed time ==> 0s.269ms
</CYPRESSTAG>
<CYPRESSTAG name="Digital Routing">
"D:\Cypress\PSoC Creator\4.4\PSoC Creator\bin/sjrouter.exe" --xml-path "D:\Cypress\PSoC Creator\4.4\PSoC Creator\dev\psoc4/18/route_arch-rrg.cydata" --vh2-path "CapSense_r.vh2" --pcf-path "CapSense.pco" --des-name "CapSense" --dsf-path "CapSense.dsf"
Routing successful.
Digital Routing phase: Elapsed time ==> 0s.281ms
</CYPRESSTAG>
<CYPRESSTAG name="Bitstream Generation">
Bitstream Generation phase: Elapsed time ==> 0s.124ms
</CYPRESSTAG>
<CYPRESSTAG name="Bitstream Verification">
Bitstream Verification phase: Elapsed time ==> 0s.000ms
</CYPRESSTAG>
<CYPRESSTAG name="Static timing analysis">
No timing parameter file available for CY8C4147AZI-S475
Static timing analysis phase: Elapsed time ==> 0s.000ms
</CYPRESSTAG>
<CYPRESSTAG name="Data reporting">
Data reporting phase: Elapsed time ==> 0s.000ms
</CYPRESSTAG>
<CYPRESSTAG name="Database update...">
Design database save phase: Elapsed time ==> 0s.156ms
</CYPRESSTAG>
cydsfit: Elapsed time ==> 1s.471ms
</CYPRESSTAG>
Fitter phase: Elapsed time ==> 1s.471ms
API generation phase: Elapsed time ==> 2s.411ms
Dependency generation phase: Elapsed time ==> 0s.015ms
Cleanup phase: Elapsed time ==> 0s.000ms
